network init start

hyperparameters
init_weight_range 0.000000 ,xavier
learning_rate 0.000500
lambda1 0.000000
lambda2 0.000000
dropout 0.020000
minibatch size 32

   DENSE CONVOLUTION  [   20    16     1] [    3     3     8] [   20    16     9] [        72          8][     25600]
                RELU  [   20    16     9] [    1     1     1] [   20    16     9] [         0          0][      5760]
   DENSE CONVOLUTION  [   20    16     9] [    3     3     8] [   20    16    17] [       648          8][    209920]
                RELU  [   20    16    17] [    1     1     1] [   20    16    17] [         0          0][     10880]
   DENSE CONVOLUTION  [   20    16    17] [    3     3     8] [   20    16    25] [      1224          8][    394240]
                RELU  [   20    16    25] [    1     1     1] [   20    16    25] [         0          0][     16000]
   DENSE CONVOLUTION  [   20    16    25] [    3     3     8] [   20    16    33] [      1800          8][    578560]
                RELU  [   20    16    33] [    1     1     1] [   20    16    33] [         0          0][     21120]
         CONVOLUTION  [   20    16    33] [    1     1    16] [   20    16    16] [       528         16][    174080]
                RELU  [   20    16    16] [    1     1     1] [   20    16    16] [         0          0][     10240]
             DROPOUT  [   20    16    16] [    1     1     1] [   20    16    16] [         0          0][     10240]
                  FC  [   20    16    16] [    1     1     2] [    1     1     2] [     10240          2][     20484]

input_geometry  [20 16 1]
output_geometry [1 1 2]
network flops operations 1477124 FLOPS, 0.001477 GFLOPS
init DONE

