network init start

hyperparameters
init_weight_range 0.000000 ,xavier
learning_rate 0.001000
lambda1 0.000001
lambda2 0.000001
dropout 0.020000
minibatch size 32

                  FC  [    1     1     9] [    1     1    16] [    1     1    16] [       144         16][       320]
                RELU  [    1     1    16] [    1     1     1] [    1     1    16] [         0          0][        32]
             DROPOUT  [    1     1    16] [    1     1     1] [    1     1    16] [         0          0][        32]
         CONVOLUTION  [    1     1    16] [    1     1    32] [    1     1    32] [       512         32][       544]
                RELU  [    1     1    32] [    1     1     1] [    1     1    32] [         0          0][        64]
                  FC  [    1     1    32] [    1     1     8] [    1     1     8] [       256          8][       528]
                RELU  [    1     1     8] [    1     1     1] [    1     1     8] [         0          0][        16]
                  FC  [    1     1     8] [    1     1     4] [    1     1     4] [        32          4][        72]

input_geometry  [1 1 9]
output_geometry [1 1 4]
network flops operations 1608 FLOPS, 0.000002 GFLOPS
init DONE

network destructor done
